5214
198 0 199 3
196 0 197 3
0 0 0 7
187 0 195 0
181 0 186 1
199 87 199 97
198 81 199 86
0 191 0 198
0 199 0 207
199 189 199 197
1 0 4 1
196 4 199 5
198 87 198 97
198 98 199 101
199 102 199 113
198 114 199 117
198 102 198 113
198 118 199 121
1 2 2 7
0 8 1 11
0 12 1 15
199 6 199 13
199 14 199 22
199 23 199 30
198 9 198 20
196 6 198 8
197 9 197 17
199 31 199 38
199 39 199 50
199 126 199 137
198 125 198 132
196 122 199 124
5 0 13 0
0 242 0 249
24 0 34 0
199 138 199 146
199 147 199 154
1 249 9 249
10 249 17 249
18 249 29 249
1 247 5 248
199 160 199 171
129 0 140 0
193 1 194 5
195 1 195 10
195 11 196 16
172 0 180 0
160 0 171 0
196 248 199 249
186 249 195 249
188 248 195 248
0 208 0 215
197 125 197 132
197 91 197 100
197 101 197 108
197 109 197 118
0 234 0 241
0 220 0 231
0 16 0 24
0 25 0 34
0 35 0 46
1 234 1 242
1 243 2 246
2 234 2 242
3 234 3 243
0 232 3 233
4 232 4 243
1 230 4 231
1 228 4 229
171 1 180 1
161 1 170 1
160 2 171 2
196 125 196 132
149 0 159 0
141 0 148 0
153 1 160 1
121 0 128 0
113 0 120 0
103 0 112 0
3 244 5 246
30 249 37 249
38 249 49 249
145 1 152 1
149 2 159 2
196 110 196 118
196 98 196 108
199 198 199 205
199 206 199 214
199 215 199 222
199 229 199 236
0 216 1 219
1 220 1 227
2 223 3 227
6 244 7 248
8 248 15 248
8 246 12 247
16 248 24 248
25 248 34 248
13 247 23 247
198 136 198 145
196 133 198 135
195 124 195 135
197 136 197 145
195 136 196 140
191 1 192 5
191 6 194 7
191 8 194 9
191 10 194 11
189 12 194 13
190 1 190 11
189 1 189 11
188 1 188 11
184 2 187 3
176 2 183 2
184 4 187 5
0 178 0 187
50 249 61 249
199 51 199 58
198 43 198 54
198 34 198 42
199 59 199 66
199 67 199 76
197 30 198 33
181 3 183 5
178 3 180 5
178 6 187 6
178 7 187 7
172 2 175 3
176 3 177 6
164 3 171 3
167 4 175 4
171 5 175 6
153 3 163 3
157 4 166 4
162 5 170 5
162 6 170 6
157 5 161 6
35 248 42 248
31 247 42 247
87 0 97 0
77 0 86 0
69 0 76 0
59 0 68 0
42 0 53 0
63 1 74 1
75 1 86 1
68 2 79 2
111 1 118 1
103 1 110 1
98 0 102 1
87 1 97 1
101 2 108 2
92 2 100 2
109 2 118 2
93 3 104 3
88 2 91 4
80 2 87 2
119 1 124 2
105 3 112 3
113 3 120 3
112 4 122 4
101 4 111 4
92 4 100 4
110 5 118 5
84 3 87 4
102 5 109 5
93 5 101 5
198 242 199 245
198 237 199 241
198 229 198 236
198 225 199 228
195 246 199 247
197 238 197 245
196 238 196 245
190 246 194 247
190 244 194 245
195 236 195 245
196 234 197 237
194 236 194 243
192 240 193 243
190 240 191 243
187 245 189 247
197 225 197 233
196 225 196 233
195 228 195 235
196 223 199 224
193 232 193 239
194 225 194 235
192 232 192 239
192 228 193 231
191 228 191 237
188 240 189 244
125 1 132 1
170 7 177 7
162 7 169 7
178 8 185 8
170 8 177 8
162 8 169 8
195 141 196 144
198 65 198 76
198 55 198 64
199 172 199 179
0 47 0 55
1 204 1 215
2 9 3 12
84 5 92 5
2 218 3 222
2 209 2 217
2 200 2 208
3 207 3 217
197 34 197 44
197 45 197 56
0 101 0 110
0 111 0 122
0 93 0 100
0 82 0 92
5 231 5 240
5 241 7 243
8 242 9 245
6 231 6 240
7 232 7 240
8 232 8 241
5 228 8 230
6 225 8 227
9 232 9 241
10 238 10 245
4 222 5 227
6 222 8 224
4 220 8 221
4 215 5 219
4 207 4 214
3 202 4 206
5 203 5 214
11 239 12 243
11 244 15 245
13 241 15 243
13 246 23 246
16 244 19 245
16 242 19 243
24 246 27 247
20 245 27 245
20 242 22 244
23 242 25 244
16 241 25 241
17 240 26 240
13 239 16 240
17 239 26 239
28 245 31 246
32 245 35 246
26 243 29 244
26 241 29 242
11 238 20 238
10 236 13 237
14 236 18 237
10 235 18 235
10 233 14 234
10 232 19 232
7 231 18 231
15 233 19 234
125 2 132 2
133 1 137 2
121 3 128 3
129 3 138 3
138 1 142 2
123 4 130 4
131 4 138 4
0 169 0 177
0 158 0 168
0 149 0 157
0 140 0 148
0 131 0 139
0 123 0 130
1 132 1 143
0 188 2 190
1 179 1 187
1 171 1 178
2 174 2 182
2 183 3 187
3 174 3 182
4 174 4 183
2 171 4 173
1 168 4 170
1 16 2 19
1 20 1 27
1 28 1 35
2 20 2 31
1 36 1 45
1 46 1 55
0 56 1 61
0 62 0 69
1 62 1 70
0 70 0 77
0 78 1 81
1 82 1 89
1 90 1 98
1 99 1 107
1 108 1 118
1 123 1 131
2 123 2 134
1 119 2 122
2 135 2 143
1 144 2 147
1 148 1 157
1 158 1 165
1 166 4 167
2 157 2 165
3 162 4 165
62 249 73 249
74 249 81 249
91 249 99 249
195 94 196 97
195 90 196 93
197 79 197 90
196 79 196 89
196 77 199 78
196 71 197 76
196 65 197 70
197 57 197 64
43 247 46 248
36 246 44 246
47 247 50 248
45 245 48 246
49 245 53 246
51 247 55 248
56 244 57 248
176 249 185 249
179 248 187 248
179 247 186 247
183 245 186 246
179 245 182 246
183 243 187 244
172 248 175 249
176 246 178 248
168 248 171 249
164 248 167 249
164 247 172 247
156 249 163 249
159 247 162 248
183 241 187 242
181 241 182 244
179 241 180 244
177 241 178 245
180 240 187 240
183 239 191 239
183 238 191 238
164 246 172 246
174 242 175 247
164 245 172 245
183 237 190 237
180 236 182 239
177 238 179 240
176 238 176 245
173 239 173 247
171 239 172 244
167 243 170 244
167 241 170 242
164 241 166 244
163 241 163 248
161 241 162 246
166 239 170 240
166 238 175 238
166 237 175 237
198 155 199 158
198 159 198 167
197 156 197 167
197 146 198 149
197 150 198 154
196 150 196 161
195 150 195 160
194 147 196 149
193 145 196 146
193 141 194 144
194 133 194 140
194 125 194 132
193 130 193 140
194 150 194 160
192 130 192 140
192 141 192 148
192 125 193 129
191 125 191 135
197 18 197 26
196 17 196 26
196 27 198 29
195 17 195 25
193 14 194 17
189 14 192 15
194 18 194 25
194 26 195 29
194 30 196 32
196 33 196 43
194 33 195 37
196 44 196 53
195 38 195 45
193 21 193 30
196 54 196 64
193 31 193 40
192 30 192 40
192 21 192 29
191 18 193 20
191 21 191 30
190 16 190 23
189 16 189 23
189 24 190 28
190 31 191 36
189 29 189 40
192 41 194 43
192 44 194 46
195 46 195 53
195 54 195 62
194 47 194 56
192 47 193 50
192 51 193 54
195 63 195 70
195 75 195 85
194 57 194 64
193 55 193 64
192 55 192 62
193 65 194 69
192 63 192 74
194 71 195 74
191 63 191 70
191 54 191 62
191 45 191 53
191 37 191 44
193 70 193 79
190 62 190 70
194 75 194 85
194 86 195 89
194 90 194 97
192 85 193 90
192 80 193 84
192 91 193 95
191 75 192 79
191 80 191 88
189 58 190 61
189 62 189 70
188 55 188 66
187 57 187 66
189 54 190 57
190 45 190 53
188 50 189 53
188 46 189 49
189 41 190 44
187 47 187 56
186 47 186 56
186 67 188 69
186 57 186 66
188 71 191 72
186 43 187 46
185 60 185 69
185 52 185 59
183 48 185 51
184 52 184 61
184 42 185 47
190 76 190 85
188 73 190 75
188 76 189 79
181 53 183 55
181 56 183 58
183 62 184 66
182 70 187 71
188 38 188 45
188 28 188 37
188 20 188 27
188 12 188 19
187 33 187 42
187 24 187 32
187 8 187 15
186 8 186 15
186 16 187 19
186 20 187 23
185 12 185 20
183 9 185 11
183 12 184 15
183 16 184 20
183 21 185 23
186 24 186 33
185 24 185 33
185 34 186 38
184 39 186 41
184 27 184 38
174 9 181 9
164 9 173 9
168 10 177 10
178 10 181 11
182 9 182 18
178 12 181 13
181 14 181 23
182 19 182 27
183 24 183 33
183 34 183 45
168 11 177 11
169 12 177 12
169 13 177 13
177 14 180 15
180 16 180 23
179 16 179 23
178 16 178 23
175 14 176 17
177 16 177 24
175 18 176 22
174 14 174 22
173 14 173 22
170 14 172 16
171 17 172 20
173 23 176 24
171 21 172 24
180 24 181 27
178 24 179 27
179 28 182 29
175 25 177 27
181 30 182 33
182 34 182 45
181 34 181 42
179 30 180 33
180 34 180 42
175 28 178 30
175 31 178 32
173 25 174 28
170 17 170 25
169 14 169 22
168 16 168 23
167 12 168 15
164 10 167 11
165 12 166 15
165 16 167 18
165 19 167 21
164 12 164 19
163 11 163 19
173 29 174 33
172 25 172 34
170 26 171 30
169 23 169 30
168 31 171 32
167 24 168 28
166 29 167 32
165 22 166 25
163 20 164 25
164 26 165 29
3 2 4 6
91 248 99 248
100 248 103 249
139 3 142 4
143 1 144 5
145 2 148 3
149 3 152 5
153 4 156 5
135 5 142 5
127 5 134 5
119 5 126 5
117 6 128 6
109 6 116 6
100 6 108 6
91 6 99 6
135 6 145 6
146 4 148 6
149 6 156 6
153 7 161 7
151 8 161 8
156 9 163 9
154 10 163 10
143 7 152 7
159 11 162 12
159 13 162 14
159 15 162 16
161 17 162 21
135 7 142 7
130 6 134 7
121 7 128 7
113 7 120 7
103 7 112 7
101 8 109 8
91 7 102 7
91 8 100 8
140 8 150 8
130 8 139 8
147 9 155 9
138 9 146 9
146 10 153 10
138 10 145 10
134 9 137 10
130 9 133 11
151 11 158 11
149 12 158 12
151 13 158 13
142 11 150 11
134 11 141 11
139 12 148 12
143 13 150 13
154 14 158 15
143 14 153 14
139 13 142 14
136 12 138 14
130 12 135 13
129 6 129 13
127 8 128 13
119 8 126 8
126 14 135 14
131 15 139 15
140 15 147 15
115 8 118 9
110 8 114 9
102 9 109 9
108 10 119 10
120 9 124 10
110 11 121 11
125 9 126 13
122 11 124 13
118 12 121 13
122 14 125 15
118 14 121 15
116 12 117 17
148 15 151 16
140 16 147 16
131 16 139 16
126 15 130 16
118 16 121 17
131 17 136 18
141 17 151 17
152 16 157 17
137 17 140 18
141 18 151 18
152 18 160 18
150 19 157 19
150 20 157 20
145 19 149 20
158 19 160 21
149 21 157 21
131 19 140 19
129 17 130 20
131 20 140 20
141 19 144 20
137 21 148 21
127 17 128 20
127 21 136 21
127 22 137 22
124 16 125 19
123 16 123 24
122 16 122 24
120 18 121 22
116 18 119 19
138 22 145 22
146 22 153 22
154 22 162 22
125 20 126 24
127 23 136 23
127 24 136 24
155 23 162 23
147 23 154 23
139 23 143 24
147 24 157 24
158 24 162 25
147 25 157 25
144 23 146 25
154 26 163 26
159 27 163 28
117 20 119 22
126 25 136 25
137 23 138 26
144 26 153 26
139 25 143 26
150 27 158 27
150 28 158 28
141 27 149 27
137 27 140 28
126 26 133 26
134 26 136 28
130 27 133 28
126 27 129 28
121 27 125 28
121 25 125 26
118 23 120 25
115 26 120 27
91 9 101 9
96 10 107 10
89 6 90 9
85 6 88 7
85 8 88 9
85 10 95 10
92 11 100 11
92 12 100 12
92 13 101 13
88 11 91 13
88 14 91 16
92 14 99 14
114 12 115 16
112 12 113 16
113 17 115 19
111 20 116 21
115 23 117 25
84 6 84 16
82 3 83 6
77 3 81 4
164 237 165 240
161 237 163 240
160 237 160 246
159 237 159 246
158 241 158 248
157 241 157 248
156 241 156 248
154 246 155 249
154 242 155 245
153 242 153 249
152 242 152 249
150 242 151 245
156 237 158 240
153 239 155 241
150 239 152 241
150 237 155 238
147 248 151 249
147 246 151 247
139 249 146 249
139 248 146 248
143 245 146 247
139 246 142 247
137 244 138 249
127 249 136 249
124 248 133 248
134 245 136 248
130 246 133 247
118 249 126 249
139 244 142 245
148 240 149 245
146 240 147 244
144 240 145 244
140 242 143 243
140 240 143 241
137 240 139 243
138 239 146 239
147 237 149 239
141 237 146 238
142 236 153 236
134 241 136 244
130 243 133 245
128 244 129 247
130 241 133 242
5 1 9 2
5 3 9 4
5 5 8 6
3 7 7 8
4 9 7 10
14 0 19 1
20 0 23 1
12 1 13 5
10 1 11 5
14 2 16 5
17 2 24 2
17 3 24 3
17 4 25 4
17 5 25 5
25 1 28 3
29 1 32 2
26 4 29 5
30 3 32 5
35 0 39 1
33 2 40 2
33 3 42 3
40 1 48 1
41 2 48 2
49 1 53 2
54 0 58 1
43 3 51 3
59 2 67 2
62 3 71 3
54 2 58 3
62 4 71 4
72 3 76 4
74 5 81 5
78 6 81 7
62 5 73 5
66 6 77 6
78 8 82 9
79 10 82 11
83 7 83 15
80 12 82 14
9 6 12 7
13 6 16 7
17 6 25 6
26 6 33 6
22 7 33 7
9 8 13 9
34 4 39 5
34 6 38 7
40 4 43 5
44 4 47 5
48 4 51 5
59 3 61 5
54 4 58 5
39 6 47 6
52 3 53 7
48 6 51 7
54 6 59 7
60 6 65 7
66 7 75 7
76 7 77 10
67 8 75 8
71 9 75 10
71 11 78 11
71 12 79 12
41 7 44 8
29 8 40 8
85 11 86 16
81 17 91 17
153 29 163 29
158 30 165 30
158 31 165 31
177 33 178 38
173 34 176 35
166 33 171 34
165 35 172 35
169 36 176 36
169 37 176 37
169 38 176 38
166 36 168 38
171 39 178 39
171 40 178 40
166 39 170 40
179 34 179 43
176 41 178 43
172 41 175 42
166 41 169 42
176 44 179 45
180 43 181 47
180 48 181 52
179 46 179 54
178 46 178 54
172 43 175 45
174 46 177 47
176 48 177 51
170 41 171 45
168 43 169 46
165 36 165 45
164 35 164 43
163 35 163 43
162 35 162 43
156 32 165 32
160 33 165 34
156 33 159 34
161 35 161 43
153 30 157 31
151 32 155 33
159 35 160 38
156 35 158 38
153 34 155 36
156 39 160 40
154 37 155 40
152 37 153 40
150 29 152 31
149 32 150 35
145 28 149 29
147 30 148 33
145 30 146 33
145 34 148 35
145 36 152 36
148 37 151 38
144 28 144 36
143 28 143 36
139 29 142 30
135 29 138 30
138 31 142 32
126 29 134 29
125 30 134 30
129 31 137 31
131 32 136 33
125 31 128 32
122 30 124 32
117 29 125 29
117 30 121 31
143 37 147 38
143 39 151 39
143 40 151 40
143 41 152 41
142 33 142 41
140 33 141 36
131 34 139 34
131 35 139 35
128 33 130 35
128 36 139 36
124 33 127 35
140 38 141 41
133 37 141 37
135 38 138 40
128 37 132 38
197 217 198 222
198 208 198 216
197 205 197 216
196 215 196 222
195 219 195 227
195 211 196 214
198 199 198 207
198 189 198 198
198 183 199 188
198 172 198 179
196 168 198 171
197 180 199 182
197 190 197 200
196 201 197 204
195 194 196 197
195 190 196 193
194 187 197 189
196 183 197 186
195 198 195 205
195 206 196 210
194 194 194 201
193 190 194 193
193 202 194 206
194 207 194 216
191 225 193 227
191 223 194 224
193 219 194 222
192 217 195 218
193 207 193 216
190 225 190 236
188 233 189 236
189 225 189 232
188 225 188 232
187 225 187 236
186 225 186 236
185 229 185 236
183 233 184 236
192 207 192 216
192 199 192 206
192 194 193 198
191 190 192 193
176 236 179 237
167 236 175 236
159 236 166 236
179 234 182 235
179 232 182 233
183 228 184 232
171 235 178 235
170 234 178 234
170 233 178 233
159 235 170 235
170 232 178 232
186 223 190 224
189 220 192 222
187 218 188 222
191 194 191 203
191 204 191 211
190 215 191 219
189 212 191 214
190 203 190 211
187 215 189 217
189 203 189 211
189 199 190 202
190 189 190 198
188 205 188 214
189 190 189 198
187 205 187 214
186 213 186 222
186 205 186 212
185 218 185 228
185 210 185 217
187 200 188 204
185 201 185 209
188 192 188 199
186 197 186 204
186 192 187 196
184 217 184 227
184 206 184 216
183 220 183 227
182 220 182 229
181 222 181 229
182 216 183 219
183 207 183 215
178 230 182 231
174 229 177 231
179 226 180 229
174 226 177 228
170 229 173 231
170 227 173 228
169 225 173 226
169 227 169 234
168 225 168 234
167 225 167 234
166 226 166 234
165 226 165 233
164 226 164 233
163 226 163 233
157 234 165 234
154 235 158 236
142 235 153 235
149 234 156 234
152 233 160 233
161 230 162 233
157 231 160 232
152 231 156 232
149 230 160 230
155 229 162 229
155 228 162 228
145 233 148 234
149 231 151 233
141 233 144 234
141 232 148 232
139 232 140 237
185 193 185 200
195 163 196 167
196 172 197 177
2 110 2 118
2 102 2 109
2 94 2 101
3 95 3 106
3 107 3 114
3 115 3 123
4 104 4 114
2 84 2 93
3 84 3 94
2 78 3 83
1 74 2 77
4 88 4 96
4 100 5 103
5 104 5 114
4 115 5 119
6 105 6 116
7 106 7 116
6 100 7 103
5 88 5 96
4 97 7 99
6 93 7 96
6 88 7 92
4 120 5 123
6 117 6 125
3 124 5 126
4 127 5 130
3 127 3 137
4 131 5 134
3 138 4 143
6 126 6 134
4 135 6 137
7 117 7 125
7 126 7 135
2 153 3 156
2 149 3 152
3 157 4 161
3 144 4 148
5 139 5 150
4 151 5 155
5 156 5 163
5 164 5 171
5 172 5 183
8 95 8 103
9 227 11 230
12 227 14 230
15 227 16 230
9 223 10 226
11 223 12 226
9 220 12 222
6 218 10 219
13 224 16 226
13 220 14 223
15 218 16 223
17 222 17 230
18 226 19 230
11 218 14 219
6 217 15 217
59 248 66 248
59 247 67 247
59 246 67 246
67 248 74 248
68 246 71 247
75 247 78 248
82 248 87 249
79 247 87 247
88 247 90 249
91 247 102 247
78 246 85 246
195 119 197 121
195 110 195 118
195 98 195 108
194 98 194 105
193 96 193 105
194 110 194 118
192 110 193 114
192 106 194 108
192 96 192 105
193 119 194 122
191 123 194 124
191 118 192 121
191 89 191 98
190 86 190 93
189 82 189 93
188 81 188 89
189 94 190 98
189 99 191 101
188 93 188 101
188 102 191 103
190 104 191 108
188 109 196 109
188 104 189 108
187 81 187 89
186 72 187 76
188 111 191 113
190 115 193 117
188 114 189 117
189 118 190 121
189 123 190 127
189 128 190 132
188 133 190 135
188 123 188 132
190 136 191 139
190 140 191 144
190 145 191 148
188 136 189 140
190 149 193 151
189 141 189 150
188 141 188 149
190 152 193 153
190 154 193 156
192 157 193 160
192 161 195 162
193 163 194 166
191 157 191 168
51 8 58 8
59 8 66 8
63 9 70 9
55 9 62 9
51 9 54 10
48 8 50 10
55 10 63 10
45 7 47 10
37 9 44 9
64 10 68 11
69 10 70 13
65 12 68 13
55 11 63 11
57 12 64 12
46 11 54 11
47 12 56 12
52 13 63 13
29 9 36 9
34 10 44 10
38 11 45 11
38 12 46 12
34 11 37 12
34 13 43 13
29 10 33 11
27 8 28 11
25 8 26 11
24 12 33 12
21 8 24 9
17 7 20 9
21 10 24 11
14 8 16 11
17 10 20 11
9 10 13 11
24 13 33 13
19 12 23 13
9 12 18 12
9 13 18 13
4 11 7 13
3 13 3 21
4 14 5 18
3 22 3 29
4 19 4 29
3 30 4 34
8 7 8 18
6 14 7 18
9 14 10 17
11 14 15 15
17 14 28 14
16 15 24 15
11 16 21 16
12 17 19 17
2 32 2 42
2 43 2 50
3 35 4 38
3 42 3 51
4 46 5 51
5 19 5 29
5 30 5 38
3 39 5 41
4 42 6 44
6 32 6 41
6 22 6 31
6 19 8 21
7 22 8 26
9 18 9 26
10 18 10 26
11 17 11 26
12 18 15 20
12 21 15 22
7 27 8 30
7 31 7 38
8 31 8 38
7 39 8 42
9 30 9 38
16 18 17 21
18 18 19 21
20 17 21 20
22 16 23 20
25 15 28 16
24 17 27 18
24 19 27 20
30 14 31 19
32 14 39 14
32 15 35 16
44 13 47 14
40 14 43 15
48 14 55 14
44 15 51 15
56 14 59 15
60 14 68 14
60 15 68 15
56 16 67 16
56 17 59 18
60 17 63 18
52 15 55 17
48 16 51 17
40 16 47 16
40 17 47 17
45 18 55 18
50 19 57 19
69 14 72 15
73 13 78 14
73 15 82 15
76 16 83 16
68 16 75 16
64 17 73 17
64 18 73 18
74 17 78 18
81 18 88 18
79 17 80 20
81 19 92 19
58 19 67 19
68 19 75 19
68 20 75 20
64 20 67 21
54 20 63 20
76 19 78 21
71 21 75 22
54 21 63 21
54 22 63 22
64 22 67 24
56 23 63 23
56 24 63 24
10 30 10 38
9 27 11 29
11 30 11 38
9 39 10 42
12 28 12 38
11 39 12 42
12 23 13 27
7 43 11 44
4 45 13 45
13 29 13 40
6 46 13 46
21 21 24 22
29 14 29 24
14 23 15 26
17 22 20 23
14 27 14 35
15 27 15 35
14 36 15 40
16 22 16 30
16 31 16 40
17 26 17 36
17 24 20 25
18 26 18 36
21 23 24 24
26 21 27 24
19 26 19 36
20 26 21 31
30 20 31 24
56 25 64 25
50 20 53 22
53 23 55 25
186 81 186 89
186 90 188 92
185 77 187 79
183 72 185 74
185 81 185 92
185 93 187 95
185 96 187 98
186 99 187 102
186 103 187 106
185 99 185 106
184 89 184 100
183 85 184 88
183 89 183 96
183 97 183 108
187 107 187 114
185 107 186 110
184 101 184 110
185 111 186 114
194 183 195 186
195 178 196 182
195 168 195 177
193 167 194 170
192 163 192 174
193 171 194 174
193 178 194 182
192 185 193 189
190 185 191 188
191 181 192 184
192 175 194 177
191 173 191 180
190 173 190 184
190 169 191 172
190 157 190 168
4 85 7 87
8 85 8 94
9 85 9 96
7 47 12 48
6 49 13 49
6 50 13 50
6 51 13 51
13 41 16 42
12 43 16 44
14 45 16 47
14 48 15 51
59 26 62 27
55 26 58 27
63 26 66 27
55 28 66 28
68 21 70 24
71 23 75 24
65 25 74 25
67 26 70 27
71 26 72 30
73 26 74 29
58 29 66 29
67 28 70 30
76 22 79 23
76 24 77 27
106 11 109 12
101 11 105 12
102 13 109 13
100 14 108 14
110 12 111 16
100 15 108 15
110 17 112 19
109 14 109 21
104 16 108 17
103 18 108 19
95 15 99 16
95 17 103 17
92 15 94 17
89 18 96 18
97 18 102 19
93 19 96 20
81 20 92 20
79 21 86 21
87 21 96 21
80 22 88 22
80 23 88 23
89 22 92 23
81 24 92 24
78 24 80 26
99 20 108 20
81 25 85 26
78 27 85 27
86 25 88 27
81 28 88 28
76 28 80 29
89 25 90 28
83 29 90 29
93 22 96 24
97 20 98 24
91 25 95 26
99 21 103 22
99 23 103 24
104 21 105 24
106 21 108 24
111 22 114 23
111 24 114 25
100 25 108 25
109 22 110 26
111 26 114 27
111 28 120 28
111 29 116 30
100 26 108 26
96 25 99 26
107 27 110 29
97 27 106 27
93 27 96 28
189 151 189 158
188 150 188 158
188 159 189 164
189 165 189 172
189 173 189 180
189 181 189 189
188 170 188 179
188 180 188 187
187 188 188 191
187 166 188 169
187 170 187 180
186 181 187 184
186 169 186 177
187 158 187 165
187 149 187 157
186 159 186 168
186 149 186 158
185 149 185 157
185 158 185 168
185 169 185 177
184 169 184 177
184 178 186 180
184 181 185 184
185 185 186 188
187 141 187 148
187 133 187 140
187 123 187 132
186 141 186 148
186 132 186 140
185 138 185 148
186 123 186 131
185 128 185 137
186 115 187 119
184 120 188 121
184 122 192 122
184 123 185 127
184 115 185 119
184 129 184 140
184 141 184 151
184 152 184 160
184 161 184 168
183 168 183 177
183 178 183 185
182 175 182 183
183 157 183 165
182 152 183 156
182 157 182 165
181 154 181 165
181 168 182 172
180 166 183 167
180 154 180 165
183 138 183 147
182 148 183 151
178 173 182 174
179 168 180 172
179 153 179 162
178 163 179 167
6 205 6 216
7 209 7 216
8 213 9 216
30 244 37 244
38 244 42 245
32 17 33 20
34 17 35 21
36 15 38 18
36 19 38 21
40 18 44 19
40 20 45 21
46 19 48 21
39 15 39 23
33 22 38 23
40 22 44 23
45 22 48 23
49 19 49 28
50 23 52 26
33 24 41 24
45 24 48 25
42 24 44 26
45 26 48 27
33 25 41 25
50 27 54 28
182 94 182 101
182 85 182 93
181 95 181 103
181 85 181 94
182 102 182 110
181 104 181 111
182 111 184 113
183 114 183 122
182 114 182 122
181 112 181 122
180 106 180 113
179 106 179 113
179 101 180 105
180 85 180 93
179 97 180 100
178 99 178 108
179 85 179 93
178 94 180 96
178 85 178 93
181 123 183 125
180 114 180 121
179 114 179 121
178 109 178 116
177 117 178 121
177 122 180 123
177 124 179 126
181 80 189 80
182 77 184 79
181 81 184 82
178 83 183 84
178 79 180 82
181 75 185 76
178 77 181 78
183 126 183 137
181 126 182 130
180 124 180 135
181 131 182 134
182 135 182 142
181 135 181 142
181 143 182 147
177 127 179 129
180 136 180 147
176 119 176 127
179 130 179 138
178 130 178 137
177 130 177 137
176 128 176 137
179 150 181 152
178 151 178 162
178 148 181 149
179 139 179 147
177 140 178 144
177 145 177 153
176 140 176 151
175 138 178 139
177 154 177 164
176 152 176 159
175 152 175 159
175 140 175 151
175 160 176 164
176 165 177 169
175 127 175 137
175 119 175 126
174 156 174 165
174 166 175 169
174 147 174 155
174 136 174 146
173 159 173 170
174 126 174 135
174 118 174 125
175 115 176 118
175 112 177 114
175 109 177 111
174 109 174 117
174 107 177 108
176 103 177 106
176 99 177 102
175 99 175 106
173 100 174 105
174 97 178 98
177 86 177 96
174 94 176 96
173 119 173 126
173 127 173 134
173 135 173 144
173 145 173 152
172 132 172 139
172 120 172 131
172 113 173 118
172 108 173 112
171 140 172 143
171 131 171 139
171 122 171 130
172 144 172 152
171 144 171 152
170 138 170 145
170 129 170 137
169 133 169 141
170 120 170 128
169 124 169 132
168 124 168 135
168 136 168 145
167 134 167 145
166 137 166 148
171 114 171 121
169 116 170 119
170 108 171 113
170 106 173 107
172 153 173 158
172 159 172 169
171 153 171 160
171 161 171 168
170 146 170 154
169 142 169 151
170 155 170 164
169 152 169 160
167 146 168 150
168 151 168 160
167 151 167 158
166 149 166 156
165 146 165 155
165 137 165 145
171 100 172 105
166 129 167 133
166 122 169 123
165 129 165 136
165 125 167 128
168 161 169 164
169 165 170 168
167 116 168 121
167 114 170 115
167 110 169 113
168 106 169 109
169 100 170 105
165 116 166 119
169 98 173 99
168 97 168 105
167 100 167 109
166 103 166 112
165 103 165 112
164 113 166 115
164 103 164 112
163 116 164 119
163 120 166 121
163 122 165 124
164 126 164 137
164 138 164 146
164 147 164 155
163 104 163 115
162 103 162 112
162 113 162 122
163 145 163 156
163 133 163 144
162 127 163 132
162 137 162 144
162 145 162 153
164 156 165 159
166 157 166 165
167 159 167 167
169 96 173 97
175 170 178 172
174 173 177 174
171 171 173 174
171 175 181 175
173 176 181 176
177 177 181 178
180 179 181 183
177 179 179 181
179 184 182 185
177 182 178 185
176 177 176 185
173 178 175 181
177 186 184 186
179 187 184 188
182 189 186 190
181 191 185 192
181 193 184 194
181 195 184 196
180 197 183 198
184 197 184 205
183 199 183 206
181 199 182 202
180 203 182 205
182 206 182 215
180 206 181 209
180 210 181 213
173 182 175 184
177 189 181 190
179 191 180 195
177 191 178 195
180 218 181 221
179 218 179 225
178 218 178 229
179 214 181 216
179 203 179 213
178 209 178 216
174 223 177 225
178 197 179 200
176 85 176 93
177 77 177 85
177 75 180 76
180 72 182 74
181 67 184 69
182 59 182 66
180 63 181 66
180 59 181 62
178 55 180 57
179 58 179 66
178 70 179 74
178 67 180 69
177 67 177 74
177 62 178 66
177 52 177 59
176 52 176 59
175 48 175 56
175 60 178 61
175 62 176 66
176 67 176 76
174 48 174 56
172 46 173 49
168 47 170 49
172 50 173 53
171 46 171 53
169 50 170 53
169 54 173 55
167 43 167 54
166 43 166 52
172 57 175 59
174 60 174 67
170 56 171 59
170 60 173 62
172 63 173 66
173 68 175 70
170 63 171 66
169 67 172 69
169 56 169 66
168 51 168 62
172 71 175 72
174 73 175 76
175 77 176 81
174 82 176 84
174 86 175 89
173 90 175 93
171 86 173 89
171 90 172 95
169 92 170 95
169 88 170 91
168 88 168 96
167 88 167 97
173 73 173 84
172 73 172 80
171 70 171 80
171 81 172 84
170 74 170 84
167 85 175 85
166 86 170 87
166 88 166 97
167 82 169 84
164 89 165 93
164 83 166 85
163 86 165 88
163 98 167 99
163 94 165 97
163 100 166 102
169 70 170 73
169 74 169 81
168 74 168 81
168 63 168 73
167 73 167 81
167 64 167 72
167 55 167 63
165 77 166 82
166 65 166 76
166 56 166 64
165 68 165 76
165 56 165 64
164 46 165 51
161 44 164 45
164 53 166 55
162 57 164 60
163 61 164 64
164 73 164 82
163 65 165 67
163 68 164 72
163 73 163 84
149 228 154 229
153 227 162 227
153 226 162 226
149 226 152 227
147 228 148 231
145 228 146 231
141 230 144 231
139 228 140 231
138 230 138 238
158 225 166 225
149 225 157 225
141 227 144 229
163 224 173 224
153 224 162 224
162 223 173 223
145 225 148 227
144 224 152 224
142 223 153 223
141 224 143 226
139 224 140 227
161 133 162 136
161 137 161 145
161 146 161 153
161 157 163 159
162 160 165 161
161 163 165 164
162 61 162 70
161 61 161 70
161 71 162 76
161 77 162 80
162 81 162 88
161 89 162 93
162 94 162 102
161 94 161 101
161 102 161 113
160 66 160 73
161 114 161 122
159 123 162 124
160 115 160 122
159 125 163 126
160 129 161 132
160 133 160 142
160 143 160 150
159 129 159 138
160 107 160 114
160 97 160 106
160 89 160 96
160 84 161 88
159 111 159 122
159 99 159 110
159 90 159 98
158 117 158 124
158 109 158 116
158 101 158 108
158 90 158 100
157 127 161 128
157 117 157 124
157 109 157 116
157 98 157 106
156 92 157 97
158 129 158 138
158 139 159 142
157 133 157 142
5 52 13 52
4 83 9 84
6 153 6 161
6 162 6 169
6 170 6 177
6 141 6 152
7 152 7 160
7 144 7 151
7 136 7 143
8 137 8 145
8 146 8 153
8 154 8 162
9 148 9 158
9 138 9 147
7 161 7 169
7 170 7 177
8 163 8 170
9 159 9 167
10 159 10 167
9 168 10 171
11 160 11 171
10 150 10 158
8 128 8 136
9 130 9 137
8 120 8 127
8 111 8 119
9 111 9 119
8 106 9 110
10 115 11 119
10 110 11 114
9 120 11 122
9 125 10 129
9 123 12 124
12 111 12 122
11 125 12 128
10 130 11 133
10 134 10 143
7 104 12 105
10 106 12 109
11 134 12 139
9 97 10 102
10 89 10 96
11 89 11 98
11 99 12 103
10 83 12 86
4 82 12 82
4 78 5 81
6 78 7 81
8 78 10 81
11 78 12 81
3 77 10 77
3 75 6 76
7 75 10 76
1 71 4 73
5 71 7 74
8 71 9 74
12 89 12 96
13 78 13 86
11 75 13 77
11 71 12 74
14 75 14 86
10 87 14 88
13 89 13 96
14 89 14 96
15 75 15 84
16 77 16 84
15 85 16 89
15 90 17 92
15 93 17 96
12 97 17 98
13 99 16 100
13 101 16 103
13 72 15 74
17 78 17 89
16 72 17 76
11 140 12 143
10 144 13 145
10 146 11 149
12 146 13 149
11 153 12 158
11 150 13 152
12 160 12 171
13 166 14 169
13 153 13 162
14 148 14 158
14 159 15 162
14 144 15 147
13 140 15 143
13 136 14 139
12 129 13 133
13 121 13 128
14 128 14 135
15 130 15 139
13 113 13 120
14 120 14 127
14 112 14 119
13 104 13 112
14 104 15 108
15 116 15 123
15 124 16 127
16 116 16 123
15 112 16 115
14 109 16 111
16 104 17 108
17 116 18 119
17 120 18 125
17 113 19 115
19 116 20 121
19 122 20 125
17 126 20 127
15 128 19 129
16 135 16 143
17 135 17 143
16 144 17 147
15 148 16 152
16 131 18 134
18 135 18 146
19 130 19 137
19 138 20 142
19 143 20 146
18 72 18 83
18 84 18 93
17 99 18 102
18 103 18 110
19 102 19 110
18 94 19 98
19 86 19 93
19 77 19 85
20 77 20 88
20 128 21 133
21 119 21 127
22 119 22 127
21 134 21 143
22 128 22 135
23 126 23 137
22 136 22 143
23 120 24 125
21 115 22 118
17 111 21 112
20 102 20 110
21 106 22 110
24 126 24 137
23 138 24 141
19 99 21 101
2 51 2 60
3 52 4 55
3 56 4 60
2 61 4 64
2 65 4 68
5 53 5 61
6 53 6 60
5 62 5 70
7 53 7 60
6 61 7 64
6 68 9 70
8 53 8 61
9 53 10 56
10 67 10 74
6 65 10 66
8 62 10 64
9 57 10 61
11 53 11 62
11 63 11 70
12 61 12 70
13 61 13 71
14 61 14 71
15 70 18 71
15 61 15 69
12 53 13 58
12 59 15 60
14 55 15 58
19 67 19 76
16 67 18 69
14 52 16 54
16 55 16 64
16 65 19 66
20 65 20 76
17 63 20 64
16 48 17 51
17 52 17 59
17 40 17 47
17 60 19 62
18 56 19 59
18 48 18 55
18 40 18 47
19 45 19 55
17 37 19 39
20 45 20 56
19 40 20 44
20 32 20 39
21 32 21 39
21 40 21 47
22 25 22 32
23 25 23 34
25 21 25 28
24 25 24 34
22 33 22 41
23 35 24 39
22 42 22 49
23 40 23 47
26 25 27 28
28 17 28 28
29 25 30 29
32 21 32 29
33 26 36 27
37 27 44 27
25 29 28 30
25 31 26 34
33 28 37 29
24 40 24 48
25 35 25 44
26 35 26 44
40 28 48 28
21 48 21 56
20 57 21 60
22 50 22 57
23 48 23 57
24 49 24 57
25 45 25 52
26 45 26 52
25 53 26 57
21 61 21 68
22 58 23 61
21 69 21 76
21 77 21 88
22 64 22 72
22 73 22 82
23 64 23 73
23 74 23 81
20 89 21 92
20 93 21 98
22 83 22 90
23 82 23 90
22 91 23 94
22 95 24 98
22 62 25 63
24 58 26 61
24 64 24 72
25 64 25 72
24 73 25 76
24 77 24 84
25 77 25 88
24 85 24 94
26 62 26 71
26 72 26 80
27 57 27 67
26 81 26 88
27 76 27 87
27 31 29 33
21 102 23 105
23 106 24 110
22 99 24 101
27 68 28 71
28 74 28 83
29 30 37 30
30 31 37 31
38 28 39 31
30 32 34 33
35 32 38 33
27 34 36 34
30 35 33 36
27 35 28 39
27 40 27 51
30 37 33 38
34 35 35 38
30 39 33 40
29 35 29 45
30 41 33 43
28 40 28 51
29 46 30 49
30 44 33 45
34 39 34 46
31 46 33 49
29 50 32 51
27 52 30 53
36 35 36 45
35 39 35 47
37 34 37 42
38 34 38 42
39 32 39 42
40 29 40 37
41 29 41 36
42 29 42 36
43 29 44 33
45 29 46 33
27 54 30 56
28 57 28 67
47 29 49 31
50 29 57 29
53 30 62 30
47 32 50 33
29 61 29 71
29 57 30 60
30 61 30 71
27 72 30 73
29 74 30 77
28 84 29 87
37 43 39 45
43 34 45 36
46 34 50 35
51 30 52 34
53 31 56 32
41 37 43 39
40 38 40 48
41 40 41 48
44 37 45 40
46 36 50 37
42 40 43 45
46 38 49 39
51 35 52 38
53 33 54 37
31 67 31 77
29 78 31 80
63 30 66 31
57 31 61 32
55 33 59 34
55 35 59 36
60 33 61 36
62 32 63 35
67 31 70 32
64 32 66 35
67 33 70 34
30 81 30 88
27 88 29 90
25 89 26 94
24 102 25 105
25 95 26 100
26 101 26 110
22 111 26 112
20 113 25 114
23 115 25 118
26 113 27 116
27 101 27 112
28 108 28 116
26 117 28 119
26 120 28 122
29 108 29 115
28 104 29 107
29 116 29 127
25 119 25 130
26 123 28 126
26 127 27 130
25 131 27 133
25 134 26 137
25 138 26 141
23 142 26 143
27 135 27 143
21 144 26 145
9 172 12 174
8 171 8 181
6 178 7 183
9 175 10 178
11 175 12 179
21 237 24 238
19 235 23 236
20 226 20 234
21 226 21 234
22 227 22 234
23 227 23 234
24 227 24 236
25 235 26 238
27 238 29 240
25 227 25 234
30 238 31 243
28 235 31 237
32 235 32 243
26 230 27 234
33 243 42 243
33 242 41 242
33 240 36 241
33 236 34 239
37 239 39 241
43 242 46 244
40 238 41 241
35 235 36 239
37 235 38 238
39 235 41 237
42 235 42 242
43 235 45 238
43 239 46 241
47 240 48 244
28 230 29 234
26 227 28 229
49 243 53 244
49 240 52 242
54 235 54 246
55 239 55 246
56 239 57 243
47 238 50 239
46 236 50 237
58 239 58 248
59 242 60 245
61 242 62 245
63 245 71 245
72 245 74 247
59 239 61 241
63 241 64 244
65 244 72 244
65 243 72 243
65 242 72 242
62 239 66 240
67 240 72 241
73 240 74 244
75 241 76 246
77 237 77 246
78 242 79 245
80 243 82 245
80 239 82 242
55 238 66 238
55 237 66 237
67 234 68 239
69 238 73 239
35 234 43 234
33 232 34 235
30 232 32 234
35 233 43 233
28 138 28 149
30 116 30 126
30 107 30 115
31 109 31 117
31 118 32 121
32 113 33 116
31 122 32 125
32 108 33 112
31 57 31 66
31 52 32 56
32 57 32 64
32 65 32 72
33 50 33 58
33 63 33 72
34 47 34 58
33 59 34 62
35 48 35 56
37 46 37 53
36 46 36 56
38 46 38 53
37 54 38 57
39 46 39 57
40 49 40 57
35 57 36 60
37 58 40 59
41 49 41 56
34 65 35 68
35 61 37 64
36 65 37 68
42 46 43 49
44 41 44 49
45 41 45 49
46 40 49 42
46 43 47 47
50 39 52 42
48 43 51 44
46 48 50 49
48 45 51 47
36 69 37 72
38 64 38 72
39 65 39 72
36 73 39 74
40 65 40 75
32 73 33 77
32 78 33 81
34 69 34 80
35 70 35 81
36 75 37 78
31 82 32 86
33 82 38 83
36 79 38 81
38 76 40 78
42 50 50 50
42 51 49 51
42 52 49 52
42 53 43 56
44 53 49 54
51 48 52 52
52 43 53 47
53 38 54 41
55 37 56 40
54 42 55 45
57 37 61 38
57 39 61 40
56 41 57 45
58 41 59 46
54 46 57 47
53 48 54 52
62 36 66 37
67 35 69 37
64 38 67 39
62 38 63 42
60 41 61 46
41 57 43 59
44 55 45 59
37 60 45 60
38 61 41 63
41 65 42 68
42 61 45 63
43 65 44 68
41 69 44 70
47 55 48 59
41 71 41 79
42 71 43 74
39 79 40 83
42 75 42 83
43 75 43 83
44 71 44 81
55 235 58 236
53 233 53 242
51 233 52 238
54 233 58 234
59 233 61 236
48 232 50 235
44 232 47 234
51 232 58 232
49 231 56 231
49 230 56 230
83 241 84 245
137 230 137 239
135 237 136 240
130 239 133 240
135 232 136 236
134 232 134 240
132 230 136 231
135 228 138 229
132 232 133 236
137 224 138 227
132 226 136 227
130 228 134 229
130 231 131 236
128 239 129 243
129 237 133 238
129 228 129 236
137 222 141 223
142 222 149 222
135 222 136 225
140 221 149 221
150 221 153 222
154 222 157 223
46 60 48 63
49 55 49 63
50 51 50 59
39 64 47 64
51 53 52 58
50 60 51 63
48 64 51 65
45 66 48 67
45 68 48 69
49 66 51 69
52 59 52 69
53 53 53 60
53 61 53 69
55 49 56 54
54 55 55 59
45 71 45 78
46 71 46 78
47 71 47 78
45 79 47 81
45 70 54 70
54 63 55 68
49 71 52 72
48 71 48 81
44 82 49 83
49 73 49 81
50 73 50 80
51 73 52 78
53 71 54 74
55 69 55 78
53 75 54 78
51 79 55 80
50 81 52 83
53 81 54 84
45 84 52 84
55 81 56 85
56 70 56 80
56 62 56 69
56 56 57 59
57 62 57 70
57 51 58 54
54 60 58 61
58 62 58 70
58 47 59 50
59 51 60 54
60 47 61 50
58 56 59 59
59 60 60 63
57 71 57 78
58 71 58 78
59 66 59 74
62 43 62 50
63 43 63 50
64 40 64 47
65 40 65 47
66 41 67 46
61 51 63 54
60 56 62 58
56 55 64 55
64 48 65 51
66 47 67 50
68 41 68 50
69 41 69 49
70 41 70 49
65 52 66 55
63 56 65 58
61 59 65 60
61 61 64 63
59 64 63 65
60 66 61 69
62 66 63 69
60 70 63 71
64 64 65 68
60 72 65 73
59 75 60 78
57 79 60 81
61 76 62 79
63 76 64 79
61 80 64 81
61 74 66 75
64 69 66 71
67 51 68 54
66 56 66 65
67 58 67 65
69 50 70 54
67 55 70 57
68 58 68 65
66 66 69 67
69 58 70 62
67 68 67 75
68 68 69 73
65 76 67 78
65 79 68 80
68 74 69 78
45 85 54 85
57 82 61 83
57 84 61 85
62 82 64 84
65 81 66 85
67 81 68 85
62 233 64 236
65 233 66 236
69 233 70 237
59 232 68 232
59 230 63 231
57 228 58 231
52 228 56 229
89 246 100 246
89 245 99 245
86 244 88 246
89 244 99 244
85 242 88 243
89 242 92 243
93 242 96 243
85 241 96 241
97 241 99 243
91 240 99 240
83 239 87 240
91 239 99 239
88 238 90 240
91 238 99 238
80 238 87 238
78 237 79 241
74 237 76 239
71 235 74 236
80 237 89 237
90 237 100 237
75 236 82 236
83 236 90 236
75 235 83 235
71 234 78 234
79 234 86 234
71 233 81 233
91 236 98 236
84 235 94 235
69 232 77 232
100 238 100 245
101 239 101 246
102 239 102 246
103 239 103 247
104 246 105 249
104 240 105 245
106 238 106 249
107 240 107 247
108 240 108 247
107 248 112 249
113 248 117 249
109 247 119 247
120 247 123 248
109 245 112 246
109 240 110 244
113 246 124 246
113 245 121 245
125 244 127 247
111 244 119 244
111 243 119 243
122 243 124 245
126 239 127 243
111 242 119 242
120 241 121 244
122 241 125 242
111 240 116 241
107 239 116 239
117 239 119 241
120 239 125 240
126 236 128 238
118 238 125 238
127 231 128 235
123 235 125 237
124 232 126 234
118 236 122 237
118 234 122 235
116 234 117 238
113 235 115 238
107 237 112 238
101 237 105 238
103 236 112 236
99 235 102 236
109 234 112 235
103 234 108 235
95 234 98 235
90 232 93 234
99 233 102 234
103 233 112 233
116 233 123 233
116 232 123 232
116 231 126 231
120 230 128 230
113 231 115 234
110 230 119 230
119 229 128 229
98 232 109 232
94 232 97 233
98 231 106 231
119 228 128 228
115 228 118 229
87 232 89 234
87 231 97 231
119 227 127 227
128 226 131 227
119 226 127 226
127 225 134 225
131 223 134 224
115 225 126 225
123 224 130 224
114 226 118 227
114 224 122 224
122 223 130 223
112 223 121 223
117 222 126 222
78 230 81 232
82 230 84 233
85 230 86 233
87 230 96 230
97 230 104 230
64 231 72 231
73 230 77 231
64 230 72 230
62 229 71 229
72 229 82 229
83 229 90 229
91 229 100 229
107 229 109 231
59 226 61 229
55 226 58 227
66 228 75 228
76 228 83 228
84 228 91 228
92 228 100 228
101 228 104 229
107 228 114 228
112 224 113 227
107 226 111 227
105 226 106 230
100 226 104 227
90 227 99 227
82 227 89 227
74 227 81 227
66 227 73 227
90 226 99 226
82 226 89 226
82 225 91 225
70 226 81 226
83 224 93 224
74 225 81 225
74 224 82 224
92 225 99 225
100 225 108 225
97 224 108 224
109 223 111 225
62 226 65 228
66 225 69 226
100 222 105 223
109 222 116 222
55 225 65 225
63 224 71 224
54 224 62 224
74 223 85 223
86 223 93 223
74 222 82 222
62 223 71 223
72 221 73 225
67 221 71 222
54 223 61 223
94 222 96 224
83 222 93 222
88 221 96 221
76 221 87 221
83 220 94 220
74 220 82 220
62 220 73 220
55 222 66 222
59 221 66 221
65 219 76 219
77 219 84 219
85 219 92 219
77 218 87 218
68 218 76 218
88 217 91 218
76 217 87 217
73 216 81 216
82 216 91 216
75 215 86 215
87 214 91 215
75 214 86 214
52 225 54 227
102 28 106 29
102 30 110 30
99 28 101 30
97 28 98 31
99 31 106 31
107 31 116 31
93 29 96 31
87 30 90 31
83 30 86 31
81 29 82 32
76 30 80 31
91 27 92 32
93 32 100 32
73 30 74 33
75 25 75 34
71 31 72 35
70 36 72 38
68 39 72 40
73 34 74 37
73 38 74 41
71 41 72 46
76 32 80 33
105 32 114 32
71 47 72 50
71 51 71 59
72 51 72 59
73 45 73 56
74 42 74 49
75 35 75 44
75 45 76 48
76 37 76 44
76 34 78 36
77 37 77 44
78 37 78 45
79 34 80 38
79 39 80 42
81 33 81 42
82 33 82 40
83 32 83 40
84 32 85 36
86 32 87 36
88 33 92 34
79 43 81 45
78 46 81 47
93 33 97 34
101 32 104 33
105 33 114 33
115 32 118 33
119 33 123 34
111 34 118 34
101 34 108 34
114 35 123 35
118 36 127 36
118 37 127 37
118 38 127 38
122 39 130 39
114 36 117 38
112 35 113 38
112 39 121 39
109 34 110 37
101 35 108 35
88 35 97 35
104 36 108 37
88 36 97 36
98 33 100 36
84 37 92 37
93 37 100 37
86 38 97 38
84 39 87 40
88 39 91 40
82 41 85 43
87 41 90 43
82 44 90 44
101 36 103 38
92 39 103 39
92 40 100 40
104 38 107 39
92 41 100 41
92 42 100 42
120 40 130 40
131 39 134 40
120 41 129 41
132 41 139 41
94 43 98 44
69 63 71 65
70 66 70 75
71 66 71 75
70 76 71 79
69 80 71 82
72 63 72 72
72 73 72 82
73 67 73 78
74 50 74 58
75 49 75 58
71 60 73 62
74 59 75 62
73 63 74 66
74 67 74 78
75 64 75 75
76 51 76 62
76 63 76 70
77 45 77 54
77 55 77 62
77 63 77 70
78 48 78 58
78 63 78 70
79 63 79 73
78 59 79 62
79 48 79 55
80 48 80 55
76 71 78 73
80 59 80 70
76 74 79 75
80 72 81 77
81 62 81 71
79 56 81 58
75 76 77 78
118 221 126 221
109 221 117 221
127 221 132 222
123 220 134 220
110 220 121 220
106 220 108 223
103 219 105 221
97 220 99 223
100 219 102 221
96 218 99 219
93 217 95 219
98 216 101 217
102 216 105 217
100 218 111 218
106 219 116 219
106 217 113 217
114 217 117 218
98 215 107 215
96 214 97 217
93 214 95 216
108 215 111 216
98 214 107 214
112 214 115 216
96 213 107 213
80 213 91 213
92 211 92 218
88 211 91 212
83 211 87 212
93 211 95 213
96 211 99 212
100 211 103 212
104 211 107 212
108 212 110 214
90 210 100 210
28 128 29 133
30 127 31 130
30 131 33 133
32 126 33 130
82 210 89 210
79 211 82 212
82 209 92 209
82 208 92 208
93 208 97 209
101 209 104 210
105 208 107 210
108 208 110 211
117 219 125 219
118 217 121 218
122 217 125 218
116 216 125 216
116 214 120 215
111 213 120 213
121 213 123 215
111 211 114 212
115 212 123 212
115 211 122 211
124 212 125 215
126 212 126 219
111 210 119 210
111 209 119 209
120 209 124 210
111 208 122 208
111 207 122 207
101 207 104 208
98 207 100 209
105 206 108 207
109 206 117 206
94 206 104 206
27 91 27 100
28 91 28 99
28 100 29 103
29 91 29 99
30 97 30 106
30 89 30 96
31 100 31 108
31 87 31 96
32 87 32 96
32 100 32 107
33 100 33 107
31 97 33 99
33 88 33 96
33 84 35 87
36 84 40 85
34 88 35 92
34 93 35 98
36 89 36 98
36 86 38 88
37 89 37 98
38 89 38 98
39 86 39 95
34 99 38 100
41 80 41 88
42 84 44 87
45 86 52 86
40 89 41 92
39 96 40 100
41 93 41 100
42 89 42 100
43 88 44 92
43 93 44 96
45 87 48 88
45 89 46 94
34 105 34 116
33 117 34 121
33 122 34 125
35 105 35 112
35 113 35 121
36 110 36 121
34 101 39 102
34 103 39 104
36 106 37 109
37 110 37 117
38 106 39 110
38 111 39 115
47 89 48 94
37 118 38 121
35 122 38 123
39 116 39 124
40 114 40 124
34 126 35 131
36 124 38 126
36 128 37 133
39 125 40 128
49 87 49 94
50 87 51 90
50 91 51 94
52 87 52 95
53 86 54 90
53 91 54 95
47 95 51 96
55 86 62 86
55 87 55 95
56 87 56 97
57 87 58 90
59 87 61 89
63 85 64 88
65 86 66 89
67 86 68 89
59 90 61 92
62 89 64 92
69 83 69 90
65 90 67 92
70 83 70 90
43 97 44 100
45 95 46 99
47 97 50 98
52 96 55 97
40 101 44 102
45 100 47 102
48 99 50 101
40 103 48 103
51 98 53 100
57 91 57 100
58 93 59 96
60 93 63 94
64 93 67 94
60 95 70 95
60 96 64 97
40 104 48 104
36 105 47 105
40 106 48 106
40 107 48 107
40 108 44 109
40 110 41 113
45 108 48 109
42 110 44 113
45 110 48 111
54 98 56 100
58 97 59 100
60 98 64 99
65 96 67 98
41 114 42 118
41 119 42 122
43 114 44 118
45 112 48 114
45 115 49 116
45 117 48 118
49 102 50 106
49 107 49 114
43 119 47 120
43 121 46 122
41 123 44 124
41 125 44 126
45 123 46 126
47 121 48 124
60 100 64 101
51 101 52 105
51 106 52 109
50 110 52 112
53 101 56 103
53 105 54 110
57 101 59 103
53 104 60 104
55 105 58 106
55 107 56 110
53 111 56 112
57 107 58 112
50 113 58 113
59 105 59 113
60 105 60 113
61 102 61 113
62 103 62 111
63 103 63 111
53 114 62 114
53 115 62 115
53 116 62 116
50 114 52 116
49 117 57 117
49 118 57 118
48 119 51 120
52 119 54 121
49 121 50 124
51 122 53 125
55 119 57 121
54 122 56 124
58 117 59 121
57 122 59 124
71 83 72 87
71 88 72 91
68 91 70 94
73 86 73 95
74 86 74 95
73 84 76 85
73 80 74 83
75 80 76 83
73 79 80 79
77 80 78 83
79 80 80 83
77 84 79 86
71 92 72 96
81 79 81 86
68 97 72 98
69 99 72 100
65 99 68 101
62 102 70 102
64 103 67 104
64 105 67 107
64 108 65 111
68 103 70 106
66 108 70 109
62 112 66 113
63 114 65 116
60 117 65 118
67 110 68 113
66 114 67 118
60 119 68 119
60 120 68 120
71 103 71 111
60 122 62 124
54 125 62 125
72 103 72 111
69 110 70 114
73 103 73 111
71 101 74 102
74 103 74 110
71 112 73 114
68 117 72 118
69 119 72 120
68 115 73 116
74 111 74 119
60 121 71 121
75 109 75 119
76 113 76 124
76 109 77 112
75 104 76 108
75 101 77 103
73 98 76 100
75 90 76 95
73 96 78 97
77 87 77 95
78 87 78 95
79 87 79 97
80 84 80 93
77 98 79 100
78 101 79 104
77 105 79 108
78 109 79 113
80 94 80 102
80 103 80 113
81 101 81 108
81 91 81 100
82 99 82 108
82 91 82 98
77 115 80 117
77 118 79 120
30 231 37 231
38 231 41 232
30 230 39 230
42 230 45 231
32 229 39 229
46 229 48 231
29 227 31 229
32 227 36 228
49 225 50 229
40 227 41 230
42 227 44 229
45 227 48 228
37 225 39 228
29 226 36 226
43 225 48 226
51 220 51 229
52 221 53 224
55 220 58 221
55 219 64 219
49 220 50 224
54 126 62 126
63 122 64 126
65 122 66 125
67 122 68 125
69 122 72 123
73 117 73 124
74 120 75 124
48 125 50 128
44 127 47 128
54 127 62 127
51 126 53 128
44 129 47 130
41 127 43 130
39 129 40 132
41 131 49 131
48 129 51 130
65 126 69 127
70 124 72 126
52 129 55 130
56 128 59 130
50 131 59 131
60 128 62 131
63 127 64 130
73 125 76 126
65 128 70 129
71 127 73 129
74 127 76 129
77 121 77 129
78 121 78 129
79 121 79 129
80 118 80 129
81 115 81 125
81 109 82 113
82 115 82 123
77 114 84 114
83 115 83 123
82 124 87 125
81 126 84 127
65 130 72 130
73 130 81 130
81 128 84 129
63 131 73 131
74 131 81 131
66 132 75 132
55 132 58 133
50 132 54 133
45 132 49 133
45 134 54 134
55 134 58 135
59 132 60 135
62 132 65 134
66 133 69 134
61 135 69 135
70 133 72 135
73 133 75 135
76 132 79 133
83 94 83 103
83 104 83 113
84 108 85 111
84 100 84 107
84 96 86 99
85 100 86 104
85 112 86 116
86 108 87 111
85 105 87 107
87 97 87 104
88 102 88 111
89 102 89 110
88 97 89 101
87 112 88 116
84 117 88 118
84 119 86 122
90 100 90 111
87 119 88 123
89 111 89 122
90 112 90 119
85 126 88 127
85 128 88 129
82 130 85 131
80 132 87 132
80 133 87 133
76 134 85 134
76 135 85 135
70 136 79 136
89 123 89 130
90 120 90 129
62 136 69 136
53 136 61 136
47 135 52 136
91 118 91 125
91 109 91 117
92 114 92 125
91 101 91 108
92 102 92 113
93 113 93 121
93 101 93 112
94 110 94 118
94 101 94 109
91 99 95 100
90 97 95 98
87 96 95 96
84 95 92 95
84 94 94 94
83 93 91 93
83 91 88 92
81 89 84 90
81 87 84 88
82 83 83 86
84 83 85 86
82 81 85 82
82 79 85 80
78 78 85 78
82 73 83 77
82 65 82 72
83 65 83 72
84 68 84 77
85 68 85 77
86 74 86 83
95 101 95 109
95 110 95 118
96 115 98 118
94 119 96 121
93 122 96 123
97 119 98 123
96 109 97 114
98 111 99 114
96 105 97 108
98 102 98 110
96 100 97 104
96 96 97 99
99 102 99 110
98 96 99 101
100 96 100 105
93 95 100 95
99 115 99 124
93 124 97 125
91 126 94 127
91 128 94 129
95 126 97 129
98 125 99 129
86 131 93 131
88 132 91 133
90 130 100 130
86 134 89 135
80 136 89 136
77 137 85 137
77 138 85 138
72 137 76 138
64 137 71 137
55 137 63 137
61 138 71 138
53 138 60 138
47 137 54 137
94 131 98 132
94 133 98 134
95 93 98 94
92 132 93 136
100 114 100 121
100 122 100 129
99 131 100 134
160 46 163 48
162 51 163 56
161 51 161 60
160 51 160 61
159 62 160 65
159 66 159 73
159 74 160 79
159 80 160 83
158 86 159 89
158 78 158 85
157 83 157 91
156 83 156 91
156 78 157 82
155 76 158 77
155 78 155 87
155 73 158 75
157 69 158 72
157 63 158 68
154 75 154 84
154 88 155 92
154 93 155 97
155 98 156 101
155 102 156 106
154 98 154 106
154 107 157 108
156 109 156 117
154 109 155 112
154 69 156 71
154 66 156 68
155 118 156 121
154 114 155 117
153 102 153 110
152 95 153 98
152 91 153 94
151 88 153 90
152 85 154 87
152 81 153 84
150 91 151 94
149 87 150 90
150 95 151 98
149 91 149 98
147 92 148 97
147 87 148 91
150 81 151 85
148 81 149 84
148 79 153 80
151 75 153 78
152 72 154 74
150 67 150 78
152 66 153 71
151 67 151 74
149 68 149 78
159 49 163 50
158 41 160 44
155 41 157 44
153 41 154 44
153 45 160 45
156 46 159 47
151 42 152 47
143 42 150 42
147 43 150 44
143 43 146 44
140 42 142 44
141 45 149 45
136 42 139 43
132 42 135 43
132 44 139 44
130 41 131 44
125 42 129 43
133 45 140 45
134 46 145 46
158 56 159 61
158 52 159 55
157 48 158 51
157 52 157 62
156 48 156 55
155 46 155 55
153 46 154 49
155 56 156 59
155 60 156 65
154 51 154 62
153 50 153 57
146 46 149 47
151 48 152 52
151 53 152 57
150 45 150 53
151 58 153 61
152 63 154 65
150 54 150 62
150 63 151 66
149 48 149 58
147 48 148 51
142 47 145 48
147 53 148 56
139 47 141 50
142 49 146 50
139 51 146 51
139 52 148 52
145 53 146 56
139 53 144 54
149 59 149 67
148 57 148 64
143 57 147 58
145 59 147 62
139 55 144 56
134 47 138 48
143 59 144 62
143 63 147 64
142 57 142 64
141 57 141 64
147 65 148 68
143 65 146 66
143 67 146 68
147 69 148 74
144 69 146 71
146 75 148 78
144 72 146 74
146 79 147 84
145 75 145 84
144 75 144 84
143 86 151 86
145 87 146 90
143 76 143 84
141 85 149 85
142 76 142 84
142 69 143 72
143 87 144 91
141 73 143 75
146 91 146 98
144 94 145 98
144 99 153 99
146 100 153 100
146 101 153 101
151 102 152 105
151 106 152 110
150 102 150 110
149 102 149 110
148 102 148 110
147 102 147 110
144 100 145 103
144 104 146 106
145 107 146 110
150 111 153 112
145 111 149 112
147 113 155 113
150 114 153 115
143 100 143 107
140 76 141 81
141 86 142 91
142 94 143 97
141 92 145 93
140 94 141 97
138 98 143 99
139 100 142 101
141 102 142 106
139 88 140 93
140 65 142 67
140 68 141 71
138 72 140 75
139 82 140 87
138 76 139 81
138 86 138 93
137 94 139 97
139 57 140 60
139 61 140 64
138 66 139 71
137 66 137 74
137 62 138 65
138 54 138 61
137 50 138 53
143 108 144 112
125 44 128 45
129 45 132 46
129 47 133 48
131 49 138 49
125 46 128 47
123 42 124 45
121 42 122 45
121 46 124 47
120 48 128 48
120 49 130 49
128 50 136 50
129 51 136 51
120 50 127 50
120 51 128 51
125 52 136 52
128 53 136 53
128 54 137 54
134 55 137 56
136 57 137 61
134 57 135 60
132 55 133 58
135 62 136 67
124 53 127 54
124 55 131 55
120 52 123 53
132 59 133 62
134 61 134 69
126 56 131 57
130 58 131 62
128 58 129 61
126 58 127 61
124 56 125 60
122 54 123 58
120 54 121 58
119 59 122 60
130 63 133 64
126 62 129 63
124 61 125 64
130 65 133 67
128 64 129 67
124 65 127 67
123 59 123 67
121 61 122 64
119 61 120 66
149 116 153 117
153 118 154 121
149 118 152 120
154 122 156 124
119 43 120 47
119 48 119 58
117 40 119 42
117 43 118 46
113 40 116 41
114 42 116 44
118 47 118 55
113 45 116 46
116 47 117 50
109 38 111 40
109 41 112 42
104 40 107 41
101 40 103 42
104 42 107 43
109 43 113 44
109 45 112 46
111 47 115 48
108 38 108 47
104 44 107 45
99 43 101 45
102 43 103 46
109 47 110 50
114 49 115 52
116 51 117 55
116 56 118 58
114 53 115 56
115 59 118 60
115 61 118 62
137 75 137 82
136 72 136 82
136 83 138 85
136 86 137 90
135 72 135 79
135 80 135 90
134 74 134 81
133 70 136 71
130 72 134 73
130 68 132 71
127 68 129 70
127 71 129 73
123 68 126 69
131 74 133 76
127 74 130 75
127 76 130 77
125 72 126 77
123 70 124 73
121 65 122 68
126 78 130 79
131 77 132 81
126 80 130 81
134 82 134 89
123 74 124 78
122 69 122 78
121 69 121 79
122 79 125 80
119 67 120 70
119 71 120 75
125 82 133 82
125 83 133 83
132 84 133 87
122 81 124 83
116 63 118 66
115 67 118 68
128 84 131 85
124 84 127 85
124 86 131 86
114 57 114 64
113 49 113 59
112 49 112 59
111 49 111 59
110 51 110 59
110 60 113 61
110 62 113 64
113 65 114 68
111 65 112 68
109 51 109 58
130 88 133 89
124 87 129 88
127 90 134 90
132 91 137 92
108 51 108 58
108 59 109 64
119 76 120 79
120 80 121 83
120 84 123 85
118 69 118 79
117 69 117 76
115 69 116 72
112 69 114 72
118 80 119 83
117 77 117 84
116 73 116 84
112 73 115 75
113 76 115 79
132 93 136 94
133 95 136 96
130 91 131 94
127 91 129 93
124 89 126 91
133 97 136 98
129 95 132 96
133 99 137 100
122 86 123 89
120 86 121 89
120 90 123 91
118 84 119 88
117 92 126 92
117 89 119 91
116 85 117 88
125 94 128 95
125 97 132 97
125 98 132 98
123 99 132 99
121 93 124 95
121 96 128 96
121 97 124 98
123 100 132 100
128 101 138 101
131 102 140 102
133 103 140 103
136 104 140 105
136 106 140 107
141 107 142 111
138 108 140 111
135 104 135 111
135 112 142 112
137 113 146 113
141 114 149 114
134 104 134 112
133 104 133 112
133 113 136 115
137 114 140 115
141 115 146 116
131 103 132 106
132 107 132 115
131 107 131 116
130 102 130 109
129 102 129 109
128 102 128 109
125 101 127 104
128 110 130 112
132 116 140 116
129 113 130 116
127 105 127 113
126 105 126 113
126 114 128 116
125 109 125 117
126 117 133 117
135 117 142 117
143 117 146 118
147 115 148 119
135 118 142 118
142 119 146 120
138 119 141 120
124 105 125 108
123 101 124 104
138 121 146 121
135 119 137 121
123 105 123 112
123 113 124 117
122 106 122 117
121 99 122 102
149 121 152 122
150 123 153 124
150 125 158 125
150 126 158 126
147 120 148 124
142 122 146 123
139 122 141 124
154 127 156 129
154 130 157 131
150 127 153 128
149 123 149 132
150 129 153 131
150 132 157 132
148 125 148 133
149 133 156 133
152 134 155 135
156 134 156 142
152 136 155 137
135 122 138 124
134 117 134 124
131 118 133 120
131 121 133 124
127 118 130 119
126 120 128 122
129 120 130 124
147 125 147 133
145 124 146 128
136 125 144 125
136 126 144 126
132 125 135 126
134 127 142 127
145 129 146 133
143 127 144 132
134 128 142 128
137 129 142 130
129 125 131 127
126 123 128 125
125 120 125 128
124 120 124 128
122 118 126 119
122 120 123 124
132 127 133 130
128 128 131 130
126 126 127 130
134 129 136 131
137 131 142 132
128 132 136 132
134 133 144 133
125 131 133 131
122 133 133 133
127 134 138 134
122 129 125 130
120 125 123 127
121 113 121 124
120 109 121 112
120 113 120 124
142 134 151 134
148 135 151 136
142 135 147 136
139 134 141 136
131 135 138 135
131 136 138 136
142 137 151 137
134 137 141 137
147 138 155 138
152 139 155 140
152 141 155 142
152 143 159 143
150 140 151 143
144 139 151 139
137 138 146 138
147 140 149 143
144 140 146 142
141 139 143 141
138 139 140 141
117 93 120 95
119 96 120 99
120 103 121 106
117 96 118 99
117 100 120 101
118 102 119 106
118 107 121 108
118 109 119 113
117 102 117 113
116 89 116 98
116 99 116 107
117 114 119 116
117 117 119 119
119 120 119 127
118 120 118 130
119 128 121 130
117 120 117 130
117 131 124 131
116 132 127 132
116 108 116 115
116 116 116 123
116 124 116 131
115 107 115 116
115 99 115 106
115 90 115 98
115 80 115 89
115 117 115 124
114 102 114 109
114 94 114 101
113 101 113 111
114 86 114 93
112 95 113 100
113 86 113 94
113 80 114 85
114 110 114 119
112 84 112 94
112 101 112 112
113 112 113 120
112 76 112 83
134 138 136 140
138 142 141 143
138 144 141 145
136 141 137 144
142 143 146 144
147 144 155 144
147 145 155 145
156 144 159 146
147 146 155 146
142 145 146 146
156 147 159 148
147 147 155 147
147 148 155 148
138 146 141 147
143 147 146 148
143 149 154 149
139 148 142 149
136 145 137 148
155 149 159 150
144 150 154 150
153 151 160 151
144 151 152 151
151 152 160 152
151 153 160 153
151 154 162 154
151 155 162 155
151 156 162 156
149 152 150 155
146 152 148 155
151 157 160 157
151 158 160 158
148 156 150 158
135 142 135 153
136 149 138 151
141 150 143 152
141 153 145 154
139 150 140 154
140 155 145 156
136 152 138 154
142 157 145 158
151 159 160 159
134 145 134 153
133 145 133 152
132 142 134 144
132 145 132 152
131 137 133 140
129 135 130 138
131 142 131 149
129 142 130 146
157 160 161 161
157 162 165 162
157 163 160 164
155 160 156 163
151 160 154 161
148 159 150 161
146 156 147 161
146 162 154 162
147 163 154 163
147 164 156 164
144 159 145 162
142 159 143 162
138 157 141 159
114 120 114 127
115 125 115 132
154 165 165 165
159 166 166 166
158 167 166 167
161 168 168 168
163 169 171 169
163 170 172 170
169 171 170 174
167 171 168 174
162 171 166 172
167 177 175 177
165 176 172 176
169 178 172 179
171 180 172 184
166 178 168 181
169 180 170 184
159 169 162 170
150 166 158 166
150 167 157 167
153 168 160 168
153 169 158 170
147 168 152 169
153 171 161 171
148 170 152 171
154 172 161 172
155 173 166 173
160 175 170 175
154 174 165 174
151 172 153 174
151 175 159 175
155 176 164 176
159 177 166 177
162 178 165 180
151 176 154 177
155 177 158 178
151 178 154 179
158 179 161 180
158 181 165 181
155 179 157 181
150 172 150 182
160 182 168 182
160 183 163 184
151 180 154 182
155 182 159 183
145 165 153 165
145 166 149 167
107 51 107 59
106 51 106 59
106 48 108 50
104 46 105 50
105 51 105 59
104 51 104 59
102 47 103 50
103 51 103 59
102 51 102 61
103 60 107 61
105 62 107 64
102 62 104 64
103 65 108 66
101 51 101 58
101 59 101 66
98 46 101 47
94 45 97 47
92 43 93 47
91 41 91 49
87 45 90 47
92 48 101 48
84 45 86 48
92 49 101 49
87 48 90 49
82 45 83 49
93 50 101 50
96 51 100 52
100 53 100 61
81 50 84 51
85 50 92 50
85 51 92 51
84 52 92 52
81 52 83 54
82 55 84 58
81 59 83 61
82 62 84 64
84 53 89 54
93 51 95 53
90 54 99 54
98 55 99 58
90 55 97 55
90 56 97 56
93 57 97 58
85 55 87 58
88 55 89 58
84 65 86 67
85 61 86 64
84 59 88 60
87 61 87 68
88 61 88 68
90 57 92 59
93 59 96 60
89 60 92 61
97 59 99 61
89 62 93 63
94 61 96 63
97 62 100 64
89 64 90 67
97 65 100 66
94 64 96 66
91 64 93 66
98 67 106 67
98 68 106 68
93 67 97 68
86 69 88 72
109 65 110 69
98 69 106 69
91 67 92 70
93 69 97 70
89 68 90 72
91 71 94 72
95 71 100 72
101 70 106 71
107 67 108 71
86 73 93 73
110 70 111 73
101 72 109 72
108 74 111 75
98 73 109 73
111 78 111 87
107 76 111 77
109 79 110 84
107 78 108 81
98 74 107 74
94 73 97 74
97 75 104 75
87 74 92 75
97 76 104 76
93 75 96 76
87 76 91 77
105 75 106 79
97 77 104 77
87 78 91 79
87 80 91 81
92 77 96 78
100 78 104 79
92 79 95 80
96 79 99 80
87 82 90 83
86 84 88 86
85 87 88 88
85 89 89 90
89 84 90 88
90 89 91 92
92 89 93 93
91 82 92 86
91 87 94 88
93 81 94 86
95 81 96 84
97 81 98 85
94 91 98 92
95 85 96 90
97 86 98 90
99 81 100 84
101 80 103 83
99 85 100 88
99 89 100 94
104 80 106 83
101 84 104 85
107 82 108 85
101 86 102 89
105 84 106 87
103 86 104 90
107 86 110 87
108 88 111 89
105 88 107 90
102 91 105 92
108 90 111 92
102 93 105 94
106 91 107 94
101 90 101 101
102 95 103 100
104 95 105 98
106 95 107 98
108 93 109 96
110 93 111 96
110 97 111 100
110 101 111 104
104 99 107 100
102 101 107 102
108 97 109 102
101 103 109 103
101 104 108 104
101 105 108 105
100 106 104 107
100 108 104 109
100 110 104 111
100 112 104 113
101 114 103 116
105 106 105 114
106 106 106 114
101 117 103 119
107 106 107 114
111 105 111 115
109 104 109 115
108 106 108 116
104 115 107 116
110 105 110 115
109 116 112 118
101 120 103 123
101 124 101 134
104 117 104 124
107 117 108 120
109 119 112 120
108 121 111 122
112 121 113 125
105 119 106 124
108 123 111 125
102 125 106 126
108 126 113 127
107 121 107 130
104 127 106 130
113 128 114 132
108 128 111 130
104 131 111 131
104 132 111 132
102 128 103 133
94 135 102 135
104 133 109 134
103 135 111 135
112 128 112 135
113 133 121 133
118 134 126 134
113 134 117 135
118 135 125 135
126 135 128 137
117 136 125 136
117 137 125 137
120 138 128 138
120 139 130 139
127 141 135 141
120 140 130 140
122 141 126 142
118 138 119 141
115 136 116 139
113 137 114 140
105 136 114 136
94 136 104 136
111 137 112 140
109 137 110 140
106 137 108 140
107 141 114 141
97 137 105 137
97 138 105 138
92 137 96 138
90 134 91 139
94 139 105 139
86 137 89 139
94 140 105 140
99 141 106 141
81 139 84 140
85 140 93 140
91 141 98 141
81 141 90 141
83 142 93 142
94 142 105 142
106 142 114 142
115 140 117 142
87 143 94 143
95 143 104 143
123 143 128 144
120 141 121 144
120 145 128 145
118 142 119 146
110 143 117 143
110 144 117 144
120 146 128 146
105 143 109 144
96 144 104 144
87 144 95 144
83 143 86 144
83 145 90 145
81 142 82 145
81 146 91 146
80 139 80 146
77 139 79 141
78 142 79 146
91 145 102 145
103 145 110 145
77 148 84 148
77 147 84 147
85 147 88 148
111 145 114 146
118 147 126 147
115 145 117 147
110 147 113 148
106 146 109 147
127 147 130 148
118 148 126 148
119 149 130 149
96 146 105 146
96 147 105 147
92 146 95 147
123 150 131 150
126 151 131 152
130 153 133 154
69 139 76 139
59 139 68 139
72 140 76 141
63 140 71 140
63 141 71 141
75 142 77 144
71 142 74 143
61 142 70 142
59 140 62 141
57 139 58 143
61 143 70 143
72 145 77 146
65 144 74 144
77 149 84 149
77 150 84 150
85 149 89 150
90 149 93 150
89 148 98 148
94 149 97 150
99 148 102 149
103 148 108 149
101 150 109 150
110 149 113 150
114 148 117 150
74 147 76 149
88 151 97 151
101 151 108 151
77 151 85 151
73 150 76 151
71 147 73 149
69 145 70 148
125 153 129 154
123 151 124 154
121 150 122 154
119 150 120 154
113 151 118 152
109 151 112 152
109 153 118 153
110 154 118 154
103 152 108 153
98 150 100 152
101 154 109 154
88 152 97 152
92 153 102 153
77 152 85 152
73 152 76 154
71 150 72 154
69 149 70 153
68 145 68 153
77 153 85 153
77 154 85 154
88 153 91 154
92 154 100 154
75 155 79 156
80 155 83 156
86 151 87 155
99 155 110 155
66 145 67 148
66 149 67 152
75 157 83 157
84 156 87 157
93 155 97 156
61 144 64 145
59 142 60 145
64 146 65 149
60 146 63 148
63 150 65 152
88 155 89 158
80 158 87 158
91 155 92 159
72 155 74 158
68 154 70 156
68 157 71 158
65 153 67 155
65 156 67 158
98 156 102 157
103 156 106 157
126 155 133 155
116 155 125 155
126 156 133 156
134 154 135 157
126 157 133 157
136 155 137 159
111 155 115 156
116 156 123 156
107 156 110 157
111 157 119 157
130 158 135 159
131 160 141 160
134 161 141 161
134 162 141 162
137 163 146 163
137 164 146 164
126 158 129 159
120 157 123 158
111 158 119 158
102 158 110 158
110 159 119 159
124 156 125 160
120 159 123 160
110 160 119 160
84 159 89 160
76 158 79 159
97 158 101 159
93 157 96 159
96 160 106 160
65 159 75 159
67 160 74 160
134 163 136 165
131 161 133 163
129 160 130 163
129 164 133 165
126 160 128 162
117 161 125 161
117 162 125 162
125 163 128 164
117 163 124 163
114 164 124 164
114 161 116 163
107 159 109 161
110 161 113 162
96 161 106 161
100 162 109 162
101 163 110 163
91 160 95 161
90 155 90 162
91 162 99 162
90 163 97 163
114 165 122 165
111 163 113 165
106 164 110 165
123 165 126 166
115 166 122 166
106 166 114 166
127 166 137 166
138 165 141 166
142 165 144 167
143 168 146 169
134 167 141 167
133 168 142 168
126 167 133 167
123 168 132 168
130 169 139 169
116 167 125 167
106 167 115 167
114 168 122 168
106 168 113 168
113 169 120 169
113 170 120 170
109 169 112 170
121 169 124 170
125 169 129 170
121 171 129 171
113 171 120 171
130 170 135 171
105 171 112 171
104 164 105 168
98 163 100 165
90 164 97 164
101 164 103 167
96 166 100 167
86 161 89 163
83 161 85 163
80 159 82 162
75 160 79 161
67 161 74 161
99 169 108 169
99 170 108 170
96 168 103 168
94 165 95 168
92 165 93 168
103 172 111 172
112 172 119 172
103 173 113 173
124 172 129 173
120 172 123 173
95 169 98 170
95 171 104 171
95 172 102 172
92 169 94 171
143 170 147 171
140 169 142 171
145 172 149 173
148 174 149 178
145 174 147 176
142 172 144 174
148 179 149 182
130 172 134 173
137 170 139 172
137 173 141 174
137 175 144 175
143 177 147 178
131 174 134 175
124 174 128 175
145 179 147 182
141 176 142 179
139 176 140 179
135 172 136 176
135 177 138 178
131 176 134 178
143 179 144 182
129 174 130 178
124 176 128 177
122 174 123 177
130 179 138 179
135 180 142 180
138 181 142 182
114 173 119 174
103 174 113 174
114 175 121 175
116 176 121 177
117 178 128 178
122 179 129 179
127 180 134 180
129 181 137 181
129 182 137 182
117 179 121 180
122 180 126 181
97 173 102 174
147 183 154 183
139 183 146 183
129 183 138 183
134 184 141 184
142 184 153 184
129 184 133 185
134 185 143 185
117 181 121 182
122 182 126 183
127 181 128 185
123 184 126 185
123 186 131 186
132 186 140 186
141 186 151 186
144 185 153 185
154 184 159 185
164 183 166 185
168 185 175 185
168 186 176 186
174 187 178 188
175 189 176 192
170 187 173 188
170 189 174 190
161 185 163 188
164 186 166 188
168 187 169 190
167 183 167 191
169 191 174 192
168 193 176 193
172 194 176 195
170 196 180 196
174 197 177 198
168 194 171 195
170 197 173 198
173 199 177 200
170 201 180 201
170 202 180 202
176 203 178 205
176 206 178 208
177 209 177 216
176 218 177 222
172 203 175 204
175 205 175 213
174 205 174 213
174 217 181 217
174 214 176 216
174 218 175 222
172 205 173 208
166 222 173 222
173 214 173 221
172 209 173 213
172 214 172 221
158 222 165 222
164 221 171 221
170 217 171 220
170 213 171 216
170 208 171 212
170 203 171 207
164 219 169 220
169 209 169 218
168 199 172 200
169 201 169 208
168 205 168 216
152 186 155 187
144 187 151 187
156 186 159 188
148 188 155 188
160 220 163 221
156 220 159 221
156 219 163 219
152 219 155 220
154 218 163 218
164 217 168 218
167 208 167 216
154 217 163 217
165 213 166 216
165 207 166 212
154 216 162 216
163 213 164 216
154 215 162 215
152 215 153 218
167 198 167 207
166 198 166 206
165 198 165 206
164 205 164 212
163 205 163 212
162 205 162 214
161 203 161 214
157 213 160 214
162 201 164 204
163 189 166 190
165 192 167 195
163 192 164 195
164 196 169 197
162 197 163 200
159 189 162 190
148 189 158 189
158 191 166 191
161 192 162 196
159 192 160 196
160 197 161 200
160 205 160 212
155 190 157 192
155 193 158 194
149 218 151 220
140 220 148 220
135 220 139 221
137 219 145 219
127 219 136 219
127 218 134 218
135 218 145 218
146 217 148 219
149 215 151 217
148 214 156 214
127 217 136 217
137 217 145 217
127 212 128 216
129 215 134 216
129 213 133 214
139 216 148 216
139 215 148 215
135 215 138 216
139 214 147 214
139 213 150 213
134 213 138 214
139 212 150 212
129 212 138 212
158 201 160 204
158 205 159 208
158 197 159 200
157 209 159 212
154 211 156 213
156 195 157 198
156 199 157 202
156 203 157 206
155 199 155 206
154 207 156 209
154 195 155 198
151 211 153 213
141 211 150 211
149 210 156 210
149 208 153 209
147 206 148 210
152 203 153 207
152 199 154 202
152 194 153 198
152 190 154 193
151 199 151 207
149 204 150 207
132 211 140 211
123 211 131 211
137 210 146 210
129 210 136 210
125 209 128 210
138 209 146 209
138 208 146 208
134 208 137 209
143 205 145 207
139 205 142 207
134 206 138 207
90 165 91 169
91 172 94 173
87 164 89 166
87 167 89 169
88 170 91 171
85 164 86 169
81 164 84 165
81 166 84 167
74 163 82 163
77 164 80 165
72 164 76 165
70 162 73 163
65 162 69 163
72 166 80 166
80 168 84 169
74 167 79 168
79 170 87 170
78 171 86 171
74 169 78 170
136 204 145 204
136 203 145 203
146 202 147 205
148 200 150 203
148 196 151 198
150 190 151 195
138 202 145 202
138 201 147 201
148 190 149 195
147 188 147 195
146 188 146 195
146 196 147 200
145 188 145 196
144 197 145 200
144 188 144 196
143 187 143 195
142 187 142 195
142 196 143 200
141 192 141 200
140 187 141 191
139 192 140 196
138 197 140 200
138 188 139 191
131 187 139 187
135 188 137 190
132 188 134 190
123 187 130 187
136 191 137 194
134 191 135 194
136 198 137 202
134 196 137 197
121 184 122 187
129 188 131 190
121 188 128 188
131 191 133 194
130 195 138 195
134 200 135 205
131 196 133 199
132 205 133 209
129 207 131 209
124 207 128 208
124 206 131 206
131 200 133 202
129 203 133 204
127 202 128 205
127 200 130 201
127 197 130 199
127 192 130 194
123 189 128 190
126 195 129 196
126 197 126 205
123 191 130 191
125 192 125 200
124 201 125 205
123 192 124 197
123 198 123 208
118 205 121 206
110 205 117 205
102 205 109 205
94 205 101 205
94 204 102 204
103 204 110 204
111 204 121 204
98 203 107 203
112 203 119 203
122 198 122 206
120 200 121 203
122 189 122 197
121 189 121 199
120 190 120 199
119 194 119 202
118 194 118 202
118 190 119 193
119 186 120 189
92 204 93 207
90 204 91 207
88 204 89 207
112 201 117 202
108 202 111 203
98 202 107 202
98 201 107 201
108 200 111 201
113 199 116 200
96 200 107 200
113 197 116 198
117 193 117 200
115 193 116 196
116 189 117 192
116 186 118 188
116 184 120 185
115 184 115 192
113 183 121 183
114 176 115 179
114 180 116 182
113 175 113 182
111 176 112 181
113 184 114 188
107 175 110 176
97 199 107 199
108 198 112 199
95 201 97 203
85 204 87 207
83 204 84 207
80 207 81 210
102 175 105 176
97 175 101 176
80 204 82 206
78 206 79 210
84 203 94 203
84 202 94 202
80 202 83 203
78 202 79 205
77 201 77 211
78 201 85 201
75 212 78 213
75 208 76 211
74 208 74 215
73 208 73 215
72 210 72 217
71 210 71 217
68 215 70 217
66 215 67 218
63 216 65 218
57 217 62 218
69 210 70 214
67 208 72 209
53 217 54 220
49 217 52 219
67 210 68 214
65 211 66 214
63 212 64 215
60 214 62 216
56 214 59 216
57 212 62 213
56 210 66 210
56 211 64 211
56 209 66 209
55 211 55 218
58 208 66 208
54 207 55 210
53 211 54 214
51 215 54 216
51 210 52 214
49 213 50 216
48 216 48 224
47 216 47 224
46 216 46 224
45 216 45 224
47 211 50 212
46 213 48 215
43 220 44 224
40 224 42 226
32 224 36 225
32 223 42 223
29 223 31 225
27 223 28 226
22 225 26 226
22 223 26 224
18 223 21 225
18 222 27 222
31 222 39 222
40 220 42 222
41 217 44 219
19 221 27 221
31 221 39 221
31 220 39 220
28 220 30 222
19 220 27 220
25 219 34 219
38 217 40 219
17 218 18 221
35 217 37 219
25 218 34 218
19 217 21 219
22 217 24 219
25 217 34 217
34 216 44 216
37 215 45 215
37 214 45 214
37 213 45 213
33 214 36 215
29 214 32 215
24 216 33 216
41 211 46 212
29 213 36 213
26 213 28 215
51 207 53 209
45 209 50 210
26 212 33 212
37 210 40 212
34 210 36 212
26 211 33 211
33 209 41 209
33 208 41 208
42 208 44 210
45 207 48 208
30 208 32 210
30 207 38 207
28 207 29 210
26 207 27 210
25 207 25 215
24 207 24 215
23 207 23 216
19 215 22 216
21 211 22 214
16 215 18 217
10 214 13 216
16 213 20 214
14 211 15 216
16 211 20 212
8 210 11 212
12 210 13 213
17 209 22 210
18 207 22 208
14 208 16 210
9 208 13 209
9 207 17 207
9 206 18 206
7 205 8 208
19 206 27 206
18 205 27 205
28 204 31 206
14 204 17 205
9 204 13 205
18 204 27 204
14 203 22 203
9 202 13 203
6 202 8 204
3 201 11 201
3 200 11 200
12 200 15 201
1 199 8 199
1 198 9 198
1 197 11 197
9 199 16 199
16 200 18 202
10 198 19 198
19 202 26 202
19 201 26 201
19 200 26 200
17 199 28 199
1 191 5 192
1 193 4 195
1 196 11 196
6 194 11 195
6 192 10 193
3 189 7 190
4 184 5 188
6 184 7 188
8 182 8 191
9 179 9 187
9 188 10 191
10 179 10 187
11 180 12 183
11 184 11 193
12 184 12 193
12 194 13 197
14 197 21 197
15 195 18 196
19 195 23 196
15 194 23 194
13 184 13 193
13 173 13 183
14 188 14 196
15 193 22 193
15 189 16 192
17 190 19 192
20 190 22 192
14 177 14 187
15 185 16 188
15 177 15 184
14 173 15 176
16 174 16 184
17 182 17 189
18 186 19 189
20 187 22 189
18 184 21 185
18 182 21 183
17 176 18 179
23 203 31 203
27 200 29 202
30 199 31 202
32 198 32 206
20 198 31 198
22 197 31 197
24 194 26 196
27 194 29 196
33 200 34 205
23 192 26 193
23 190 26 191
27 191 29 193
30 190 31 195
23 187 25 189
22 185 25 186
22 183 25 184
17 181 24 181
17 180 24 180
26 186 27 189
28 187 29 190
35 202 36 206
39 206 42 207
37 202 38 206
39 204 42 205
39 202 44 203
43 204 44 207
45 202 46 206
47 203 48 206
49 205 50 208
51 205 55 206
56 205 57 208
58 205 61 207
49 204 56 204
62 205 64 207
57 204 64 204
49 203 58 203
65 207 73 207
65 206 73 206
65 205 73 205
74 204 76 207
65 204 73 204
59 203 66 203
67 203 76 203
73 201 76 202
64 202 72 202
56 202 63 202
61 201 72 201
75 200 85 200
35 200 39 201
52 201 55 202
48 201 51 202
40 201 47 201
86 200 90 201
91 200 94 201
84 199 92 199
93 198 96 199
79 198 83 199
75 198 78 199
74 197 83 197
84 197 88 198
89 196 91 198
72 198 74 200
67 199 71 200
61 199 66 200
57 200 60 201
66 197 71 198
47 200 56 200
102 197 105 198
97 197 101 198
92 196 96 197
97 196 105 196
89 195 97 195
98 195 105 195
106 195 107 198
108 196 112 197
109 194 114 195
100 194 108 194
107 193 114 193
104 192 114 192
111 189 114 191
99 193 106 193
89 194 99 194
91 193 98 193
111 182 112 185
110 177 110 185
110 186 112 188
109 177 109 188
108 177 108 188
108 189 110 191
107 177 107 184
106 175 106 184
106 187 107 190
96 192 103 192
99 191 107 191
91 191 95 192
103 187 105 190
103 185 107 186
104 177 105 180
103 181 105 184
98 177 103 178
102 179 102 186
100 179 101 182
99 189 102 190
99 187 102 188
99 183 101 186
98 183 98 191
97 183 97 191
96 183 96 191
95 179 99 180
95 181 99 182
95 173 96 178
91 189 95 190
94 183 95 188
94 174 94 182
90 186 93 188
93 178 93 185
92 174 93 177
91 181 92 185
89 190 90 193
87 192 88 196
85 192 86 196
82 193 83 196
89 181 90 185
88 186 89 189
86 188 87 191
86 184 87 187
85 181 85 191
84 185 84 196
83 185 83 192
90 175 91 179
88 172 90 174
88 175 89 179
86 181 88 183
87 171 87 179
85 172 86 175
84 180 92 180
84 177 86 179
83 172 84 175
83 177 83 184
82 180 82 187
81 172 82 175
81 180 81 187
81 188 82 191
79 192 81 195
79 186 80 191
78 185 78 196
79 176 86 176
79 177 82 179
79 180 80 185
78 172 80 175
76 171 77 174
74 171 75 174
78 176 78 184
77 175 77 182
75 175 76 178
77 183 77 193
75 179 76 184
75 185 76 188
75 189 76 193
74 194 77 196
72 194 73 197
72 190 74 193
74 180 74 189
73 180 73 189
72 182 72 189
70 193 71 196
71 183 71 192
68 192 69 196
69 188 70 191
73 175 74 179
72 168 73 173
72 174 72 181
71 173 71 182
71 164 71 172
70 178 70 187
70 164 70 175
68 184 68 191
69 178 69 187
69 164 69 175
68 164 68 172
67 188 67 196
65 167 67 170
65 164 67 166
67 176 70 177
67 178 68 181
63 171 67 172
65 173 68 174
64 162 64 170
62 167 63 170
62 160 66 161
62 162 63 166
65 175 66 178
63 173 64 178
63 179 66 181
62 153 64 155
62 156 64 159
66 184 67 187
66 188 66 196
64 182 68 183
65 184 65 191
64 192 65 197
63 188 64 191
60 149 62 152
61 153 61 161
61 162 61 171
60 153 60 161
60 162 60 169
59 146 59 154
59 155 59 166
58 144 58 153
58 154 58 161
57 144 57 155
61 172 62 175
56 139 56 147
56 148 56 155
55 139 55 150
54 139 54 150
56 156 57 160
55 151 55 158
54 151 54 160
53 147 53 158
53 139 53 146
51 138 52 141
51 142 52 145
52 146 52 156
51 146 51 156
47 138 50 139
49 140 50 143
59 170 60 175
43 199 46 200
47 199 55 199
33 198 38 199
40 198 42 200
43 198 50 198
32 197 40 197
43 197 50 197
32 194 37 195
30 196 40 196
32 191 35 193
32 189 35 190
30 187 34 188
43 196 50 196
36 189 37 193
38 192 39 195
41 193 42 197
43 195 50 195
51 195 52 198
53 195 55 198
62 194 63 198
56 197 58 199
59 196 61 198
43 193 47 194
48 193 51 194
52 193 55 194
56 193 57 196
58 194 61 195
58 192 63 193
48 192 57 192
40 192 47 192
38 191 47 191
48 191 55 191
59 189 62 191
59 186 64 187
62 182 63 185
56 189 58 191
55 188 62 188
35 187 38 188
38 189 42 190
43 190 54 190
43 189 52 189
43 188 52 188
39 187 42 188
60 181 61 185
60 178 62 180
59 176 62 177
59 178 59 185
58 180 58 187
57 180 57 187
57 176 58 179
58 167 58 175
57 167 57 175
56 177 56 187
56 169 56 176
53 186 54 189
43 187 52 187
55 178 55 187
57 162 58 166
56 161 56 168
55 159 55 169
55 170 55 177
53 182 54 185
51 182 52 186
53 178 54 181
54 169 54 177
54 161 54 168
52 173 53 177
28 186 36 186
26 185 35 185
26 184 35 184
26 183 34 183
22 182 33 182
25 180 28 181
19 179 27 179
19 178 30 178
37 186 44 186
45 185 48 186
41 184 44 185
36 184 40 185
35 183 44 183
34 182 44 182
45 182 48 184
49 182 50 186
49 180 52 181
45 180 48 181
33 181 44 181
44 179 52 179
43 178 52 178
44 177 51 177
50 173 51 176
29 180 32 181
33 180 44 180
36 179 43 179
28 179 35 179
35 178 42 178
50 171 53 172
48 172 49 176
53 159 53 170
31 177 34 178
19 177 30 177
52 163 52 170
50 167 51 170
50 163 51 166
49 160 49 171
46 173 47 176
44 173 45 176
40 175 43 177
40 173 43 174
38 174 39 177
20 176 31 176
21 175 31 175
32 175 37 176
17 174 20 175
43 171 47 172
39 171 42 172
36 171 38 173
30 174 37 174
33 171 35 173
24 173 27 174
16 173 23 173
13 172 20 172
13 170 17 171
15 166 17 169
18 168 19 171
13 164 17 165
18 164 19 167
20 164 20 171
21 171 24 172
28 171 29 174
30 171 32 173
25 170 27 172
28 170 35 170
36 170 47 170
33 169 42 169
45 168 48 169
45 166 48 167
43 166 44 169
45 164 48 165
21 168 23 170
24 168 28 169
29 168 32 169
21 166 25 167
26 167 35 167
36 167 41 168
21 164 25 165
26 164 28 166
29 165 32 166
33 166 40 166
33 165 40 165
13 163 24 163
16 160 18 162
15 153 16 158
17 148 17 159
18 149 18 159
19 149 19 157
18 147 22 148
23 146 26 147
19 158 20 161
29 164 40 164
25 163 35 163
41 162 42 166
43 162 44 165
45 162 48 163
36 162 40 163
28 162 35 162
19 162 27 162
23 161 31 161
21 154 21 161
22 154 22 161
23 155 24 160
20 151 23 153
23 148 26 149
24 150 25 154
25 157 27 160
27 144 27 152
26 153 27 156
28 150 28 160
29 158 31 160
29 153 30 157
32 159 35 161
50 160 52 162
36 161 44 161
45 160 48 161
45 159 52 159
39 159 43 160
49 157 52 158
50 147 50 156
49 147 49 156
48 144 50 146
48 147 48 154
47 155 48 158
47 146 47 154
46 149 46 158
45 149 45 158
44 152 44 160
41 156 43 158
37 155 38 160
39 155 40 158
32 157 35 158
31 155 35 156
36 153 36 160
31 153 35 154
42 152 43 155
37 153 41 154
41 150 44 151
33 152 41 152
33 151 40 151
29 151 32 152
31 150 40 150
34 149 44 149
29 147 30 150
29 139 29 146
31 147 33 149
30 144 32 146
34 148 42 148
43 146 46 148
39 146 42 147
30 139 31 143
43 144 47 145
45 140 48 141
43 142 48 143
45 135 46 139
44 132 44 139
43 132 43 139
42 132 42 139
41 141 42 145
40 133 41 137
39 141 40 145
37 142 38 147
35 142 36 147
33 142 34 146
38 127 38 135
38 138 41 139
36 140 44 140
32 140 35 141
33 138 37 139
29 137 32 138
34 136 39 137
28 135 33 136
27 134 37 134
